{"total": {"lines":{"total":982,"covered":831,"skipped":0,"pct":84.62},"statements":{"total":982,"covered":831,"skipped":0,"pct":84.62},"functions":{"total":61,"covered":42,"skipped":0,"pct":68.85},"branches":{"total":164,"covered":137,"skipped":0,"pct":83.53},"branchesTrue":{"total":0,"covered":0,"skipped":0,"pct":100}}
,"C:\\Users\\ronyp\\OneDrive\\Desktop\\proyecto\\frontend\\src\\features\\login\\LoginPage.test.tsx": {"lines":{"total":66,"covered":66,"skipped":0,"pct":100},"functions":{"total":2,"covered":2,"skipped":0,"pct":100},"statements":{"total":66,"covered":66,"skipped":0,"pct":100},"branches":{"total":7,"covered":7,"skipped":0,"pct":100}}
,"C:\\Users\\ronyp\\OneDrive\\Desktop\\proyecto\\frontend\\src\\features\\login\\LoginPage.tsx": {"lines":{"total":67,"covered":67,"skipped":0,"pct":100},"functions":{"total":4,"covered":4,"skipped":0,"pct":100},"statements":{"total":67,"covered":67,"skipped":0,"pct":100},"branches":{"total":10,"covered":9,"skipped":0,"pct":90}}
,"C:\\Users\\ronyp\\OneDrive\\Desktop\\proyecto\\frontend\\src\\features\\service-order\\ServiceOrderPage.test.tsx": {"lines":{"total":83,"covered":83,"skipped":0,"pct":100},"functions":{"total":3,"covered":3,"skipped":0,"pct":100},"statements":{"total":83,"covered":83,"skipped":0,"pct":100},"branches":{"total":11,"covered":11,"skipped":0,"pct":100}}
,"C:\\Users\\ronyp\\OneDrive\\Desktop\\proyecto\\frontend\\src\\features\\service-order\\ServiceOrderPage.tsx": {"lines":{"total":136,"covered":114,"skipped":0,"pct":83.82},"functions":{"total":5,"covered":1,"skipped":0,"pct":20},"statements":{"total":136,"covered":114,"skipped":0,"pct":83.82},"branches":{"total":11,"covered":8,"skipped":0,"pct":72.72}}
,"C:\\Users\\ronyp\\OneDrive\\Desktop\\proyecto\\frontend\\src\\features\\warranty\\WarrantyPage.test.tsx": {"lines":{"total":75,"covered":75,"skipped":0,"pct":100},"functions":{"total":3,"covered":3,"skipped":0,"pct":100},"statements":{"total":75,"covered":75,"skipped":0,"pct":100},"branches":{"total":8,"covered":8,"skipped":0,"pct":100}}
,"C:\\Users\\ronyp\\OneDrive\\Desktop\\proyecto\\frontend\\src\\features\\warranty\\WarrantyPage.tsx": {"lines":{"total":59,"covered":59,"skipped":0,"pct":100},"functions":{"total":2,"covered":1,"skipped":0,"pct":50},"statements":{"total":59,"covered":59,"skipped":0,"pct":100},"branches":{"total":5,"covered":5,"skipped":0,"pct":100}}
,"C:\\Users\\ronyp\\OneDrive\\Desktop\\proyecto\\frontend\\src\\services\\api_client.test.ts": {"lines":{"total":45,"covered":45,"skipped":0,"pct":100},"functions":{"total":1,"covered":1,"skipped":0,"pct":100},"statements":{"total":45,"covered":45,"skipped":0,"pct":100},"branches":{"total":7,"covered":7,"skipped":0,"pct":100}}
,"C:\\Users\\ronyp\\OneDrive\\Desktop\\proyecto\\frontend\\src\\services\\api_client.ts": {"lines":{"total":73,"covered":62,"skipped":0,"pct":84.93},"functions":{"total":5,"covered":5,"skipped":0,"pct":100},"statements":{"total":73,"covered":62,"skipped":0,"pct":84.93},"branches":{"total":25,"covered":19,"skipped":0,"pct":76}}
,"C:\\Users\\ronyp\\OneDrive\\Desktop\\proyecto\\frontend\\src\\services\\service_order_service.ts": {"lines":{"total":78,"covered":15,"skipped":0,"pct":19.23},"functions":{"total":11,"covered":1,"skipped":0,"pct":9.09},"statements":{"total":78,"covered":15,"skipped":0,"pct":19.23},"branches":{"total":2,"covered":1,"skipped":0,"pct":50}}
,"C:\\Users\\ronyp\\OneDrive\\Desktop\\proyecto\\frontend\\src\\services\\session_service.ts": {"lines":{"total":33,"covered":22,"skipped":0,"pct":66.66},"functions":{"total":4,"covered":3,"skipped":0,"pct":75},"statements":{"total":33,"covered":22,"skipped":0,"pct":66.66},"branches":{"total":9,"covered":6,"skipped":0,"pct":66.66}}
,"C:\\Users\\ronyp\\OneDrive\\Desktop\\proyecto\\frontend\\src\\services\\vehicle_service.ts": {"lines":{"total":7,"covered":5,"skipped":0,"pct":71.42},"functions":{"total":2,"covered":1,"skipped":0,"pct":50},"statements":{"total":7,"covered":5,"skipped":0,"pct":71.42},"branches":{"total":1,"covered":1,"skipped":0,"pct":100}}
,"C:\\Users\\ronyp\\OneDrive\\Desktop\\proyecto\\frontend\\src\\services\\warranty_service.ts": {"lines":{"total":17,"covered":6,"skipped":0,"pct":35.29},"functions":{"total":2,"covered":1,"skipped":0,"pct":50},"statements":{"total":17,"covered":6,"skipped":0,"pct":35.29},"branches":{"total":2,"covered":1,"skipped":0,"pct":50}}
,"C:\\Users\\ronyp\\OneDrive\\Desktop\\proyecto\\frontend\\src\\shared\\DataState.tsx": {"lines":{"total":36,"covered":26,"skipped":0,"pct":72.22},"functions":{"total":3,"covered":3,"skipped":0,"pct":100},"statements":{"total":36,"covered":26,"skipped":0,"pct":72.22},"branches":{"total":14,"covered":11,"skipped":0,"pct":78.57}}
,"C:\\Users\\ronyp\\OneDrive\\Desktop\\proyecto\\frontend\\src\\shared\\SessionContext.tsx": {"lines":{"total":34,"covered":30,"skipped":0,"pct":88.23},"functions":{"total":3,"covered":3,"skipped":0,"pct":100},"statements":{"total":34,"covered":30,"skipped":0,"pct":88.23},"branches":{"total":10,"covered":8,"skipped":0,"pct":80}}
,"C:\\Users\\ronyp\\OneDrive\\Desktop\\proyecto\\frontend\\src\\shared\\StatusBadge.test.tsx": {"lines":{"total":43,"covered":43,"skipped":0,"pct":100},"functions":{"total":0,"covered":0,"skipped":0,"pct":100},"statements":{"total":43,"covered":43,"skipped":0,"pct":100},"branches":{"total":9,"covered":9,"skipped":0,"pct":100}}
,"C:\\Users\\ronyp\\OneDrive\\Desktop\\proyecto\\frontend\\src\\shared\\StatusBadge.tsx": {"lines":{"total":17,"covered":17,"skipped":0,"pct":100},"functions":{"total":3,"covered":3,"skipped":0,"pct":100},"statements":{"total":17,"covered":17,"skipped":0,"pct":100},"branches":{"total":11,"covered":11,"skipped":0,"pct":100}}
,"C:\\Users\\ronyp\\OneDrive\\Desktop\\proyecto\\frontend\\src\\shared\\format.ts": {"lines":{"total":76,"covered":66,"skipped":0,"pct":86.84},"functions":{"total":7,"covered":6,"skipped":0,"pct":85.71},"statements":{"total":76,"covered":66,"skipped":0,"pct":86.84},"branches":{"total":15,"covered":8,"skipped":0,"pct":53.33}}
,"C:\\Users\\ronyp\\OneDrive\\Desktop\\proyecto\\frontend\\src\\shared\\useAsyncData.ts": {"lines":{"total":37,"covered":30,"skipped":0,"pct":81.08},"functions":{"total":1,"covered":1,"skipped":0,"pct":100},"statements":{"total":37,"covered":30,"skipped":0,"pct":81.08},"branches":{"total":7,"covered":7,"skipped":0,"pct":100}}
}
